#
# There is insufficient memory for the Java Runtime Environment to continue.
# Native memory allocation (mmap) failed to map 10737418240 bytes for committing reserved memory.
# Possible reasons:
#   The system is out of physical RAM or swap space
#   The process is running with CompressedOops enabled, and the Java Heap may be blocking the growth of the native heap
# Possible solutions:
#   Reduce memory load on the system
#   Increase physical memory or swap space
#   Check if swap backing store is full
#   Decrease Java heap size (-Xmx/-Xms)
#   Decrease number of Java threads
#   Decrease Java thread stack sizes (-Xss)
#   Set larger code cache with -XX:ReservedCodeCacheSize=
# This output file may be truncated or incomplete.
#
#  Out of Memory Error (os_linux.cpp:2798), pid=7832, tid=0x00007f6c7e4d6700
#
# JRE version:  (8.0_272-b10) (build )
# Java VM: OpenJDK 64-Bit Server VM (25.272-b10 mixed mode linux-amd64 compressed oops)
# Failed to write core dump. Core dumps have been disabled. To enable core dumping, try "ulimit -c unlimited" before starting Java again
#

---------------  T H R E A D  ---------------

Current thread (0x00007f6c7404c800):  JavaThread "Unknown thread" [_thread_in_vm, id=7833, stack(0x00007f6c7e3d7000,0x00007f6c7e4d7000)]

Stack: [0x00007f6c7e3d7000,0x00007f6c7e4d7000],  sp=0x00007f6c7e4d5600,  free space=1017k
Native frames: (J=compiled Java code, j=interpreted, Vv=VM code, C=native code)
V  [libjvm.so+0xbac45d]  VMError::report_and_die()+0x2cd
V  [libjvm.so+0x4f3764]  report_vm_out_of_memory(char const*, int, unsigned long, VMErrorType, char const*)+0xb4
V  [libjvm.so+0x971109]  os::pd_commit_memory(char*, unsigned long, unsigned long, bool)+0xf9
V  [libjvm.so+0x9686de]  os::commit_memory(char*, unsigned long, unsigned long, bool)+0x2e
V  [libjvm.so+0x9eb0f1]  PSVirtualSpace::expand_by(unsigned long)+0x51
V  [libjvm.so+0x9db95c]  PSOldGen::initialize(ReservedSpace, unsigned long, char const*, int)+0x8c
V  [libjvm.so+0x2d4bce]  AdjoiningGenerations::AdjoiningGenerations(ReservedSpace, GenerationSizer*, unsigned long)+0x31e
V  [libjvm.so+0x99a081]  ParallelScavengeHeap::initialize()+0x231
V  [libjvm.so+0xb7171b]  Universe::initialize_heap()+0x16b
V  [libjvm.so+0xb71a05]  universe_init()+0x45
V  [libjvm.so+0x64736f]  init_globals()+0x5f
V  [libjvm.so+0xb557b2]  Threads::create_vm(JavaVMInitArgs*, bool*)+0x4f2
V  [libjvm.so+0x72c80f]  JNI_CreateJavaVM+0x5f
C  [libjli.so+0x2dbf]  JavaMain+0x9f
C  [libpthread.so.0+0x740b]  start_thread+0xdb


---------------  P R O C E S S  ---------------

Java Threads: ( => current thread )

Other Threads:

=>0x00007f6c7404c800 (exited) JavaThread "Unknown thread" [_thread_in_vm, id=7833, stack(0x00007f6c7e3d7000,0x00007f6c7e4d7000)]

VM state:not at safepoint (not fully initialized)

VM Mutex/Monitor currently owned by a thread: None

heap address: 0x0000000400000000, size: 15360 MB, Compressed Oops mode: Non-zero based:0x00000003fffff000, Oop shift amount: 3
Narrow klass base: 0x0000000000000000, Narrow klass shift: 0

GC Heap History (0 events):
No events

Deoptimization events (0 events):
No events

Classes redefined (0 events):
No events

Internal exceptions (0 events):
No events

Events (0 events):
No events


Dynamic libraries:
680000000-7c0000000 rw-p 00000000 00:00 0 
555cb923c000-555cb923d000 r-xp 00000000 ca:01 38940509                   /usr/lib/jvm/java-1.8.0-openjdk-1.8.0.272.b10-1.amzn2.0.1.x86_64/jre/bin/java
555cb943c000-555cb943d000 r--p 00000000 ca:01 38940509                   /usr/lib/jvm/java-1.8.0-openjdk-1.8.0.272.b10-1.amzn2.0.1.x86_64/jre/bin/java
555cb943d000-555cb943e000 rw-p 00001000 ca:01 38940509                   /usr/lib/jvm/java-1.8.0-openjdk-1.8.0.272.b10-1.amzn2.0.1.x86_64/jre/bin/java
555cba4ca000-555cba4eb000 rw-p 00000000 00:00 0                          [heap]
7f6c65000000-7f6c65270000 rwxp 00000000 00:00 0 
7f6c65270000-7f6c74000000 ---p 00000000 00:00 0 
7f6c74000000-7f6c74076000 rw-p 00000000 00:00 0 
7f6c74076000-7f6c78000000 ---p 00000000 00:00 0 
7f6c78c50000-7f6c78f0b000 rw-p 00000000 00:00 0 
7f6c78f0b000-7f6c7a30b000 ---p 00000000 00:00 0 
7f6c7a30b000-7f6c7ad16000 rw-p 00000000 00:00 0 
7f6c7ad16000-7f6c7b0cc000 ---p 00000000 00:00 0 
7f6c7b0cc000-7f6c7b0d4000 r-xp 00000000 ca:01 234314                     /usr/lib/jvm/java-1.8.0-openjdk-1.8.0.272.b10-1.amzn2.0.1.x86_64/jre/lib/amd64/libzip.so
7f6c7b0d4000-7f6c7b2d3000 ---p 00008000 ca:01 234314                     /usr/lib/jvm/java-1.8.0-openjdk-1.8.0.272.b10-1.amzn2.0.1.x86_64/jre/lib/amd64/libzip.so
7f6c7b2d3000-7f6c7b2d4000 r--p 00007000 ca:01 234314                     /usr/lib/jvm/java-1.8.0-openjdk-1.8.0.272.b10-1.amzn2.0.1.x86_64/jre/lib/amd64/libzip.so
7f6c7b2d4000-7f6c7b2d5000 rw-p 00008000 ca:01 234314                     /usr/lib/jvm/java-1.8.0-openjdk-1.8.0.272.b10-1.amzn2.0.1.x86_64/jre/lib/amd64/libzip.so
7f6c7b2d5000-7f6c7b2e0000 r-xp 00000000 ca:01 61786                      /usr/lib64/libnss_files-2.26.so
7f6c7b2e0000-7f6c7b4df000 ---p 0000b000 ca:01 61786                      /usr/lib64/libnss_files-2.26.so
7f6c7b4df000-7f6c7b4e0000 r--p 0000a000 ca:01 61786                      /usr/lib64/libnss_files-2.26.so
7f6c7b4e0000-7f6c7b4e1000 rw-p 0000b000 ca:01 61786                      /usr/lib64/libnss_files-2.26.so
7f6c7b4e1000-7f6c7b4e7000 rw-p 00000000 00:00 0 
7f6c7b4e7000-7f6c7b4ef000 r-xp 00000000 ca:01 786618                     /usr/lib64/libnss_sss.so.2
7f6c7b4ef000-7f6c7b6ee000 ---p 00008000 ca:01 786618                     /usr/lib64/libnss_sss.so.2
7f6c7b6ee000-7f6c7b6ef000 r--p 00007000 ca:01 786618                     /usr/lib64/libnss_sss.so.2
7f6c7b6ef000-7f6c7b6f0000 rw-p 00008000 ca:01 786618                     /usr/lib64/libnss_sss.so.2
7f6c7b6f0000-7f6c7b71a000 r-xp 00000000 ca:01 234264                     /usr/lib/jvm/java-1.8.0-openjdk-1.8.0.272.b10-1.amzn2.0.1.x86_64/jre/lib/amd64/libjava.so
7f6c7b71a000-7f6c7b919000 ---p 0002a000 ca:01 234264                     /usr/lib/jvm/java-1.8.0-openjdk-1.8.0.272.b10-1.amzn2.0.1.x86_64/jre/lib/amd64/libjava.so
7f6c7b919000-7f6c7b91a000 r--p 00029000 ca:01 234264                     /usr/lib/jvm/java-1.8.0-openjdk-1.8.0.272.b10-1.amzn2.0.1.x86_64/jre/lib/amd64/libjava.so
7f6c7b91a000-7f6c7b91c000 rw-p 0002a000 ca:01 234264                     /usr/lib/jvm/java-1.8.0-openjdk-1.8.0.272.b10-1.amzn2.0.1.x86_64/jre/lib/amd64/libjava.so
7f6c7b91c000-7f6c7b929000 r-xp 00000000 ca:01 234313                     /usr/lib/jvm/java-1.8.0-openjdk-1.8.0.272.b10-1.amzn2.0.1.x86_64/jre/lib/amd64/libverify.so
7f6c7b929000-7f6c7bb28000 ---p 0000d000 ca:01 234313                     /usr/lib/jvm/java-1.8.0-openjdk-1.8.0.272.b10-1.amzn2.0.1.x86_64/jre/lib/amd64/libverify.so
7f6c7bb28000-7f6c7bb2a000 r--p 0000c000 ca:01 234313                     /usr/lib/jvm/java-1.8.0-openjdk-1.8.0.272.b10-1.amzn2.0.1.x86_64/jre/lib/amd64/libverify.so
7f6c7bb2a000-7f6c7bb2b000 rw-p 0000e000 ca:01 234313                     /usr/lib/jvm/java-1.8.0-openjdk-1.8.0.272.b10-1.amzn2.0.1.x86_64/jre/lib/amd64/libverify.so
7f6c7bb2b000-7f6c7bb32000 r-xp 00000000 ca:01 61796                      /usr/lib64/librt-2.26.so
7f6c7bb32000-7f6c7bd31000 ---p 00007000 ca:01 61796                      /usr/lib64/librt-2.26.so
7f6c7bd31000-7f6c7bd32000 r--p 00006000 ca:01 61796                      /usr/lib64/librt-2.26.so
7f6c7bd32000-7f6c7bd33000 rw-p 00007000 ca:01 61796                      /usr/lib64/librt-2.26.so
7f6c7bd33000-7f6c7bd48000 r-xp 00000000 ca:01 61762                      /usr/lib64/libgcc_s-7-20180712.so.1
7f6c7bd48000-7f6c7bf47000 ---p 00015000 ca:01 61762                      /usr/lib64/libgcc_s-7-20180712.so.1
7f6c7bf47000-7f6c7bf48000 r--p 00014000 ca:01 61762                      /usr/lib64/libgcc_s-7-20180712.so.1
7f6c7bf48000-7f6c7bf49000 rw-p 00015000 ca:01 61762                      /usr/lib64/libgcc_s-7-20180712.so.1
7f6c7bf49000-7f6c7c088000 r-xp 00000000 ca:01 61773                      /usr/lib64/libm-2.26.so
7f6c7c088000-7f6c7c287000 ---p 0013f000 ca:01 61773                      /usr/lib64/libm-2.26.so
7f6c7c287000-7f6c7c288000 r--p 0013e000 ca:01 61773                      /usr/lib64/libm-2.26.so
7f6c7c288000-7f6c7c289000 rw-p 0013f000 ca:01 61773                      /usr/lib64/libm-2.26.so
7f6c7c289000-7f6c7c3fb000 r-xp 00000000 ca:01 61833                      /usr/lib64/libstdc++.so.6.0.24
7f6c7c3fb000-7f6c7c5fb000 ---p 00172000 ca:01 61833                      /usr/lib64/libstdc++.so.6.0.24
7f6c7c5fb000-7f6c7c605000 r--p 00172000 ca:01 61833                      /usr/lib64/libstdc++.so.6.0.24
7f6c7c605000-7f6c7c607000 rw-p 0017c000 ca:01 61833                      /usr/lib64/libstdc++.so.6.0.24
7f6c7c607000-7f6c7c60b000 rw-p 00000000 00:00 0 
7f6c7c60b000-7f6c7d3d4000 r-xp 00000000 ca:01 12607067                   /usr/lib/jvm/java-1.8.0-openjdk-1.8.0.272.b10-1.amzn2.0.1.x86_64/jre/lib/amd64/server/libjvm.so
7f6c7d3d4000-7f6c7d5d3000 ---p 00dc9000 ca:01 12607067                   /usr/lib/jvm/java-1.8.0-openjdk-1.8.0.272.b10-1.amzn2.0.1.x86_64/jre/lib/amd64/server/libjvm.so
7f6c7d5d3000-7f6c7d671000 r--p 00dc8000 ca:01 12607067                   /usr/lib/jvm/java-1.8.0-openjdk-1.8.0.272.b10-1.amzn2.0.1.x86_64/jre/lib/amd64/server/libjvm.so
7f6c7d671000-7f6c7d69b000 rw-p 00e66000 ca:01 12607067                   /usr/lib/jvm/java-1.8.0-openjdk-1.8.0.272.b10-1.amzn2.0.1.x86_64/jre/lib/amd64/server/libjvm.so
7f6c7d69b000-7f6c7d6cf000 rw-p 00000000 00:00 0 
7f6c7d6cf000-7f6c7d870000 r-xp 00000000 ca:01 60903                      /usr/lib64/libc-2.26.so
7f6c7d870000-7f6c7da70000 ---p 001a1000 ca:01 60903                      /usr/lib64/libc-2.26.so
7f6c7da70000-7f6c7da74000 r--p 001a1000 ca:01 60903                      /usr/lib64/libc-2.26.so
7f6c7da74000-7f6c7da76000 rw-p 001a5000 ca:01 60903                      /usr/lib64/libc-2.26.so
7f6c7da76000-7f6c7da7a000 rw-p 00000000 00:00 0 
7f6c7da7a000-7f6c7da7d000 r-xp 00000000 ca:01 61771                      /usr/lib64/libdl-2.26.so
7f6c7da7d000-7f6c7dc7c000 ---p 00003000 ca:01 61771                      /usr/lib64/libdl-2.26.so
7f6c7dc7c000-7f6c7dc7d000 r--p 00002000 ca:01 61771                      /usr/lib64/libdl-2.26.so
7f6c7dc7d000-7f6c7dc7e000 rw-p 00003000 ca:01 61771                      /usr/lib64/libdl-2.26.so
7f6c7dc7e000-7f6c7dc8c000 r-xp 00000000 ca:01 8531592                    /usr/lib/jvm/java-1.8.0-openjdk-1.8.0.272.b10-1.amzn2.0.1.x86_64/jre/lib/amd64/jli/libjli.so
7f6c7dc8c000-7f6c7de8b000 ---p 0000e000 ca:01 8531592                    /usr/lib/jvm/java-1.8.0-openjdk-1.8.0.272.b10-1.amzn2.0.1.x86_64/jre/lib/amd64/jli/libjli.so
7f6c7de8b000-7f6c7de8c000 r--p 0000d000 ca:01 8531592                    /usr/lib/jvm/java-1.8.0-openjdk-1.8.0.272.b10-1.amzn2.0.1.x86_64/jre/lib/amd64/jli/libjli.so
7f6c7de8c000-7f6c7de8d000 rw-p 0000e000 ca:01 8531592                    /usr/lib/jvm/java-1.8.0-openjdk-1.8.0.272.b10-1.amzn2.0.1.x86_64/jre/lib/amd64/jli/libjli.so
7f6c7de8d000-7f6c7dea1000 r-xp 00000000 ca:01 61852                      /usr/lib64/libz.so.1.2.7
7f6c7dea1000-7f6c7e0a0000 ---p 00014000 ca:01 61852                      /usr/lib64/libz.so.1.2.7
7f6c7e0a0000-7f6c7e0a1000 r--p 00013000 ca:01 61852                      /usr/lib64/libz.so.1.2.7
7f6c7e0a1000-7f6c7e0a2000 rw-p 00014000 ca:01 61852                      /usr/lib64/libz.so.1.2.7
7f6c7e0a2000-7f6c7e0ba000 r-xp 00000000 ca:01 61789                      /usr/lib64/libpthread-2.26.so
7f6c7e0ba000-7f6c7e2ba000 ---p 00018000 ca:01 61789                      /usr/lib64/libpthread-2.26.so
7f6c7e2ba000-7f6c7e2bb000 r--p 00018000 ca:01 61789                      /usr/lib64/libpthread-2.26.so
7f6c7e2bb000-7f6c7e2bc000 rw-p 00019000 ca:01 61789                      /usr/lib64/libpthread-2.26.so
7f6c7e2bc000-7f6c7e2c0000 rw-p 00000000 00:00 0 
7f6c7e2c0000-7f6c7e2e4000 r-xp 00000000 ca:01 60896                      /usr/lib64/ld-2.26.so
7f6c7e38d000-7f6c7e3ce000 rw-p 00000000 00:00 0 
7f6c7e3ce000-7f6c7e3d6000 rw-s 00000000 ca:01 16850286                   /tmp/hsperfdata_root/7832
7f6c7e3d6000-7f6c7e3d7000 ---p 00000000 00:00 0 
7f6c7e3d7000-7f6c7e3da000 ---p 00000000 00:00 0 
7f6c7e3da000-7f6c7e4db000 rw-p 00000000 00:00 0 
7f6c7e4e1000-7f6c7e4e2000 rw-p 00000000 00:00 0 
7f6c7e4e2000-7f6c7e4e3000 r--p 00000000 00:00 0 
7f6c7e4e3000-7f6c7e4e4000 r--p 00023000 ca:01 60896                      /usr/lib64/ld-2.26.so
7f6c7e4e4000-7f6c7e4e5000 rw-p 00024000 ca:01 60896                      /usr/lib64/ld-2.26.so
7f6c7e4e5000-7f6c7e4e6000 rw-p 00000000 00:00 0 
7fffde9ce000-7fffde9ef000 rw-p 00000000 00:00 0                          [stack]
7fffde9f5000-7fffde9f8000 r--p 00000000 00:00 0                          [vvar]
7fffde9f8000-7fffde9fa000 r-xp 00000000 00:00 0                          [vdso]
ffffffffff600000-ffffffffff601000 r-xp 00000000 00:00 0                  [vsyscall]

VM Arguments:
jvm_args: -Xmx15360M -Xms15360M 
java_command: server.jar nogui
java_class_path (initial): server.jar
Launcher Type: SUN_STANDARD

Environment Variables:
PATH=/sbin:/bin:/usr/sbin:/usr/bin
USERNAME=root
SHELL=/bin/bash

Signal Handlers:
SIGSEGV: [libjvm.so+0xbada00], sa_mask[0]=11111111011111111101111111111110, sa_flags=SA_RESTART|SA_SIGINFO
SIGBUS: [libjvm.so+0xbada00], sa_mask[0]=11111111011111111101111111111110, sa_flags=SA_RESTART|SA_SIGINFO
SIGFPE: [libjvm.so+0x96c510], sa_mask[0]=11111111011111111101111111111110, sa_flags=SA_RESTART|SA_SIGINFO
SIGPIPE: [libjvm.so+0x96c510], sa_mask[0]=11111111011111111101111111111110, sa_flags=SA_RESTART|SA_SIGINFO
SIGXFSZ: [libjvm.so+0x96c510], sa_mask[0]=11111111011111111101111111111110, sa_flags=SA_RESTART|SA_SIGINFO
SIGILL: [libjvm.so+0x96c510], sa_mask[0]=11111111011111111101111111111110, sa_flags=SA_RESTART|SA_SIGINFO
SIGUSR1: SIG_DFL, sa_mask[0]=00000000000000000000000000000000, sa_flags=none
SIGUSR2: [libjvm.so+0x96c3d0], sa_mask[0]=00000000000000000000000000000000, sa_flags=SA_RESTART|SA_SIGINFO
SIGHUP: SIG_DFL, sa_mask[0]=00000000000000000000000000000000, sa_flags=none
SIGINT: SIG_DFL, sa_mask[0]=00000000000000000000000000000000, sa_flags=none
SIGTERM: SIG_DFL, sa_mask[0]=00000000000000000000000000000000, sa_flags=none
SIGQUIT: SIG_DFL, sa_mask[0]=00000000000000000000000000000000, sa_flags=none


---------------  S Y S T E M  ---------------

OS:Amazon Linux release 2 (Karoo)

uname:Linux 4.14.214-160.339.amzn2.x86_64 #1 SMP Sun Jan 10 05:53:05 UTC 2021 x86_64
libc:glibc 2.26 NPTL 2.26 
rlimit: STACK 8192k, CORE 0k, NPROC infinity, NOFILE 65535, AS infinity
load average:0.84 0.46 0.19

/proc/meminfo:
MemTotal:        8166296 kB
MemFree:         4929920 kB
MemAvailable:    7743400 kB
Buffers:            2704 kB
Cached:          2969744 kB
SwapCached:            0 kB
Active:           738300 kB
Inactive:        2292752 kB
Active(anon):      58744 kB
Inactive(anon):      264 kB
Active(file):     679556 kB
Inactive(file):  2292488 kB
Unevictable:           0 kB
Mlocked:               0 kB
SwapTotal:             0 kB
SwapFree:              0 kB
Dirty:            205552 kB
Writeback:             0 kB
AnonPages:         58664 kB
Mapped:            61584 kB
Shmem:               412 kB
Slab:             153776 kB
SReclaimable:     119532 kB
SUnreclaim:        34244 kB
KernelStack:        2288 kB
PageTables:         4560 kB
NFS_Unstable:          0 kB
Bounce:                0 kB
WritebackTmp:          0 kB
CommitLimit:     4083148 kB
Committed_AS:    5650784 kB
VmallocTotal:   34359738367 kB
VmallocUsed:           0 kB
VmallocChunk:          0 kB
HardwareCorrupted:     0 kB
AnonHugePages:         0 kB
ShmemHugePages:        0 kB
ShmemPmdMapped:        0 kB
HugePages_Total:       0
HugePages_Free:        0
HugePages_Rsvd:        0
HugePages_Surp:        0
Hugepagesize:       2048 kB
DirectMap4k:       65536 kB
DirectMap2M:     8323072 kB

container (cgroup) information:
container_type: cgroupv1
cpu_cpuset_cpus: 0-1
cpu_memory_nodes: 0
active_processor_count: 2
cpu_quota: -1
cpu_period: 100000
cpu_shares: -1
memory_limit_in_bytes: -1
memory_and_swap_limit_in_bytes: -1
memory_soft_limit_in_bytes: -1
memory_usage_in_bytes: 3103805440
memory_max_usage_in_bytes: 0


CPU:total 2 (initial active 2) (2 cores per cpu, 1 threads per core) family 6 model 79 stepping 1, cmov, cx8, fxsr, mmx, sse, sse2, sse3, ssse3, sse4.1, sse4.2, popcnt, avx, avx2, aes, clmul, erms, lzcnt, tsc, bmi1, bmi2

/proc/cpuinfo:
processor	: 0
vendor_id	: GenuineIntel
cpu family	: 6
model		: 79
model name	: Intel(R) Xeon(R) CPU E5-2686 v4 @ 2.30GHz
stepping	: 1
microcode	: 0xb000038
cpu MHz		: 2300.174
cache size	: 46080 KB
physical id	: 0
siblings	: 2
core id		: 0
cpu cores	: 2
apicid		: 0
initial apicid	: 0
fpu		: yes
fpu_exception	: yes
cpuid level	: 13
wp		: yes
flags		: fpu vme de pse tsc msr pae mce cx8 apic sep mtrr pge mca cmov pat pse36 clflush mmx fxsr sse sse2 ht syscall nx rdtscp lm constant_tsc rep_good nopl xtopology cpuid pni pclmulqdq ssse3 fma cx16 pcid sse4_1 sse4_2 x2apic movbe popcnt tsc_deadline_timer aes xsave avx f16c rdrand hypervisor lahf_lm abm cpuid_fault invpcid_single pti fsgsbase bmi1 avx2 smep bmi2 erms invpcid xsaveopt
bugs		: cpu_meltdown spectre_v1 spectre_v2 spec_store_bypass l1tf mds swapgs itlb_multihit
bogomips	: 4600.08
clflush size	: 64
cache_alignment	: 64
address sizes	: 46 bits physical, 48 bits virtual
power management:

processor	: 1
vendor_id	: GenuineIntel
cpu family	: 6
model		: 79
model name	: Intel(R) Xeon(R) CPU E5-2686 v4 @ 2.30GHz
stepping	: 1
microcode	: 0xb000038
cpu MHz		: 2300.174
cache size	: 46080 KB
physical id	: 0
siblings	: 2
core id		: 1
cpu cores	: 2
apicid		: 2
initial apicid	: 2
fpu		: yes
fpu_exception	: yes
cpuid level	: 13
wp		: yes
flags		: fpu vme de pse tsc msr pae mce cx8 apic sep mtrr pge mca cmov pat pse36 clflush mmx fxsr sse sse2 ht syscall nx rdtscp lm constant_tsc rep_good nopl xtopology cpuid pni pclmulqdq ssse3 fma cx16 pcid sse4_1 sse4_2 x2apic movbe popcnt tsc_deadline_timer aes xsave avx f16c rdrand hypervisor lahf_lm abm cpuid_fault invpcid_single pti fsgsbase bmi1 avx2 smep bmi2 erms invpcid xsaveopt
bugs		: cpu_meltdown spectre_v1 spectre_v2 spec_store_bypass l1tf mds swapgs itlb_multihit
bogomips	: 4600.08
clflush size	: 64
cache_alignment	: 64
address sizes	: 46 bits physical, 48 bits virtual
power management:



Memory: 4k page, physical 8166296k(4929920k free), swap 0k(0k free)

vm_info: OpenJDK 64-Bit Server VM (25.272-b10) for linux-amd64 JRE (1.8.0_272-b10), built on Dec 16 2020 01:07:22 by "mockbuild" with gcc 7.3.1 20180712 (Red Hat 7.3.1-12)

time: Sat Feb 20 12:52:47 2021
timezone: UTC
elapsed time: 0.013465 seconds (0d 0h 0m 0s)

