[15:44:54] [main/INFO]: Environment: authHost='https://authserver.mojang.com', accountsHost='https://api.mojang.com', sessionHost='https://sessionserver.mojang.com', servicesHost='https://api.minecraftservices.com', name='PROD'
[15:44:54] [main/WARN]: Ambiguity between arguments [teleport, destination] and [teleport, targets] with inputs: [Player, 0123, @e, dd12be42-52a9-4a91-a8a1-11c01849e498]
[15:44:54] [main/WARN]: Ambiguity between arguments [teleport, location] and [teleport, destination] with inputs: [0.1 -0.5 .9, 0 0 0]
[15:44:54] [main/WARN]: Ambiguity between arguments [teleport, location] and [teleport, targets] with inputs: [0.1 -0.5 .9, 0 0 0]
[15:44:54] [main/WARN]: Ambiguity between arguments [teleport, targets] and [teleport, destination] with inputs: [Player, 0123, dd12be42-52a9-4a91-a8a1-11c01849e498]
[15:44:54] [main/WARN]: Ambiguity between arguments [teleport, targets, location] and [teleport, targets, destination] with inputs: [0.1 -0.5 .9, 0 0 0]
[15:44:54] [main/INFO]: Reloading ResourceManager: Default
[15:44:55] [Worker-Main-5/INFO]: Loaded 7 recipes
[15:44:56] [Worker-Main-5/INFO]: Loaded 927 advancements
[15:44:57] [Server thread/INFO]: Starting minecraft server version 1.16.5
[15:44:57] [Server thread/INFO]: Loading properties
[15:44:57] [Server thread/INFO]: Default game type: SURVIVAL
[15:44:57] [Server thread/INFO]: Generating keypair
[15:44:58] [Server thread/INFO]: Starting Minecraft server on *:25565
[15:44:58] [Server thread/INFO]: Using epoll channel type
[15:44:58] [Server thread/INFO]: Preparing level "world"
[15:44:58] [Server thread/INFO]: Preparing start region for dimension minecraft:overworld
[15:45:00] [Server thread/INFO]: Preparing spawn area: 0%
[15:45:00] [Server thread/INFO]: Preparing spawn area: 0%
[15:45:00] [Server thread/INFO]: Preparing spawn area: 0%
[15:45:00] [Server thread/INFO]: Preparing spawn area: 0%
[15:45:00] [Server thread/INFO]: Preparing spawn area: 0%
[15:45:00] [Server thread/INFO]: Time elapsed: 2483 ms
[15:45:00] [Server thread/INFO]: Done (2.593s)! For help, type "help"
[15:45:07] [Server thread/INFO]: com.mojang.authlib.GameProfile@e185cbf[id=<null>,name=SnakeByt333,properties={},legacy=false] (/109.64.213.184:65504) lost connection: Disconnected
[15:45:08] [User Authenticator #1/INFO]: UUID of player SnakeByt333 is 8c1b55f3-3a58-4cae-bc1e-2853d3d458d1
[15:45:10] [User Authenticator #2/INFO]: UUID of player SnakeByt333 is 8c1b55f3-3a58-4cae-bc1e-2853d3d458d1
[15:45:10] [Server thread/INFO]: SnakeByt333[/109.64.213.184:65506] logged in with entity id 30 at (-854.2943379506868, 63.5625, 2938.918912325823)
[15:45:11] [Server thread/INFO]: SnakeByt333 joined the game
[15:45:16] [Server thread/WARN]: Can't keep up! Is the server overloaded? Running 2072ms or 41 ticks behind
[15:56:17] [Server thread/WARN]: Fetching packet for removed entity bcv['Air'/2708, l='ServerLevel[world]', x=-734.98, y=70.00, z=2971.82]
[15:59:30] [Server thread/WARN]: Mismatch in destroy block pos: fx{x=-718, y=72, z=3028} fx{x=-718, y=71, z=3028}
[16:05:40] [Server thread/WARN]: Fetching packet for removed entity bcv['Air'/6666, l='ServerLevel[world]', x=-737.42, y=70.00, z=2976.86]
[16:06:06] [Server thread/WARN]: Mismatch in destroy block pos: fx{x=-736, y=72, z=3034} fx{x=-735, y=69, z=3034}
[16:06:10] [Server thread/WARN]: Mismatch in destroy block pos: fx{x=-741, y=72, z=3036} fx{x=-740, y=71, z=3038}
[16:06:10] [Server thread/WARN]: Mismatch in destroy block pos: fx{x=-741, y=72, z=3036} fx{x=-740, y=71, z=3038}
[16:06:10] [Server thread/WARN]: Mismatch in destroy block pos: fx{x=-741, y=72, z=3036} fx{x=-740, y=71, z=3038}
[16:06:10] [Server thread/WARN]: Mismatch in destroy block pos: fx{x=-741, y=72, z=3036} fx{x=-740, y=71, z=3038}
[16:07:10] [Server thread/WARN]: Fetching packet for removed entity bcv['Air'/7319, l='ServerLevel[world]', x=-736.30, y=70.00, z=2972.74]
[16:08:46] [Server thread/WARN]: Fetching packet for removed entity bcv['Air'/8098, l='ServerLevel[world]', x=-732.33, y=70.00, z=2977.48]
[16:14:40] [Server thread/WARN]: Fetching packet for removed entity bcv['Air'/10559, l='ServerLevel[world]', x=-735.28, y=70.00, z=2972.47]
[16:16:54] [Server thread/WARN]: Fetching packet for removed entity bcv['Air'/11001, l='ServerLevel[world]', x=-731.83, y=70.00, z=2970.83]
[16:18:29] [Server thread/WARN]: Fetching packet for removed entity bcv['Air'/11178, l='ServerLevel[world]', x=-734.12, y=70.00, z=2976.68]
[16:19:18] [Server thread/WARN]: Fetching packet for removed entity bcv['Air'/11332, l='ServerLevel[world]', x=-732.89, y=70.00, z=2976.85]
[16:19:39] [Server thread/WARN]: Fetching packet for removed entity bcv['Air'/11399, l='ServerLevel[world]', x=-737.76, y=70.00, z=2976.21]
[16:22:58] [Server thread/WARN]: Fetching packet for removed entity bcv['Air'/12555, l='ServerLevel[world]', x=-732.83, y=70.00, z=2978.17]
[16:24:39] [Server thread/WARN]: Fetching packet for removed entity bcv['Air'/13910, l='ServerLevel[world]', x=-737.16, y=70.00, z=2972.94]
[16:25:24] [Server thread/WARN]: Fetching packet for removed entity bcv['Air'/14477, l='ServerLevel[world]', x=-738.17, y=70.00, z=2971.24]
[16:26:11] [Server thread/WARN]: Fetching packet for removed entity bcv['Air'/14749, l='ServerLevel[world]', x=-735.89, y=70.00, z=2977.68]
[16:27:12] [Server thread/WARN]: Fetching packet for removed entity bcv['Air'/15305, l='ServerLevel[world]', x=-733.83, y=70.00, z=2973.54]
[16:28:17] [Server thread/WARN]: Fetching packet for removed entity bcv['Air'/15830, l='ServerLevel[world]', x=-734.60, y=70.00, z=2972.16]
[16:29:52] [Server thread/WARN]: Fetching packet for removed entity bcv['Air'/16179, l='ServerLevel[world]', x=-734.25, y=70.00, z=2976.55]
[16:30:11] [Server thread/WARN]: Fetching packet for removed entity bcv['Air'/16230, l='ServerLevel[world]', x=-732.28, y=70.00, z=2975.44]
[17:29:15] [User Authenticator #3/INFO]: UUID of player RanDn98 is 4dff6a3b-b960-4b2d-81cf-5e1f259a052b
[17:29:16] [Server thread/INFO]: RanDn98[/45.80.91.111:43593] logged in with entity id 27175 at (-859.0894224144496, 68.0, 2938.784985849498)
[17:29:16] [Server thread/INFO]: RanDn98 joined the game
[17:42:02] [Server thread/WARN]: Fetching packet for removed entity bcv['Air'/29444, l='ServerLevel[world]', x=-733.58, y=70.00, z=2976.46]
[17:42:02] [Server thread/WARN]: Fetching packet for removed entity bcv['Air'/29444, l='ServerLevel[world]', x=-733.58, y=70.00, z=2976.46]
[17:43:05] [Server thread/WARN]: Fetching packet for removed entity bcv['Air'/29603, l='ServerLevel[world]', x=-735.21, y=70.00, z=2971.29]
[17:43:05] [Server thread/WARN]: Fetching packet for removed entity bcv['Air'/29603, l='ServerLevel[world]', x=-735.21, y=70.00, z=2971.29]
[17:48:59] [Server thread/WARN]: Fetching packet for removed entity bcv['Air'/30524, l='ServerLevel[world]', x=-732.69, y=70.00, z=2971.15]
[17:48:59] [Server thread/WARN]: Fetching packet for removed entity bcv['Air'/30524, l='ServerLevel[world]', x=-732.69, y=70.00, z=2971.15]
[17:52:04] [Server thread/INFO]: <SnakeByt333> eeeeee
[17:54:04] [Server thread/WARN]: Fetching packet for removed entity bcv['Air'/31700, l='ServerLevel[world]', x=-732.08, y=70.00, z=2972.76]
[17:54:04] [Server thread/WARN]: Fetching packet for removed entity bcv['Air'/31700, l='ServerLevel[world]', x=-732.08, y=70.00, z=2972.76]
[18:01:10] [Server thread/WARN]: Fetching packet for removed entity bcv['Air'/33346, l='ServerLevel[world]', x=-733.11, y=70.00, z=2971.97]
[18:01:10] [Server thread/WARN]: Fetching packet for removed entity bcv['Air'/33346, l='ServerLevel[world]', x=-733.11, y=70.00, z=2971.97]
[18:03:41] [Server thread/INFO]: [SnakeByt333: Teleported SnakeByt333 to 4933.5, 72.0, 377.5]
[18:04:14] [Server thread/INFO]: [SnakeByt333: Teleported SnakeByt333 to RanDn98]
[18:09:06] [Server thread/INFO]: SnakeByt333 lost connection: Disconnected
[18:09:06] [Server thread/INFO]: SnakeByt333 left the game
[18:09:06] [Server thread/INFO]: [RanDn98: Kicked SnakeByt333: Kicked by an operator]
[18:09:06] [Server thread/WARN]: handleDisconnection() called twice
[18:09:11] [User Authenticator #4/INFO]: UUID of player SnakeByt333 is 8c1b55f3-3a58-4cae-bc1e-2853d3d458d1
[18:09:11] [Server thread/INFO]: SnakeByt333[/109.64.213.184:50000] logged in with entity id 35462 at (-751.6277726489019, 104.0, 2914.6349831778084)
[18:09:11] [Server thread/INFO]: SnakeByt333 joined the game
[18:19:56] [Server thread/INFO]: [RanDn98: Set the time to 1000]
[18:21:47] [Server thread/WARN]: Fetching packet for removed entity bcv['Air'/38485, l='ServerLevel[world]', x=-731.83, y=70.00, z=2974.08]
[18:21:47] [Server thread/WARN]: Fetching packet for removed entity bcv['Air'/38485, l='ServerLevel[world]', x=-731.83, y=70.00, z=2974.08]
[18:22:41] [Server thread/WARN]: Fetching packet for removed entity bcv['Air'/38750, l='ServerLevel[world]', x=-731.83, y=70.00, z=2973.04]
[18:22:41] [Server thread/WARN]: Fetching packet for removed entity bcv['Air'/38750, l='ServerLevel[world]', x=-731.83, y=70.00, z=2973.04]
[18:25:12] [Server thread/WARN]: Mismatch in destroy block pos: fx{x=-709, y=72, z=3080} fx{x=-710, y=72, z=3081}
[18:25:12] [Server thread/WARN]: Mismatch in destroy block pos: fx{x=-709, y=72, z=3080} fx{x=-710, y=72, z=3081}
[18:25:12] [Server thread/WARN]: Mismatch in destroy block pos: fx{x=-709, y=72, z=3080} fx{x=-710, y=72, z=3081}
[18:25:12] [Server thread/WARN]: Mismatch in destroy block pos: fx{x=-709, y=72, z=3080} fx{x=-710, y=72, z=3081}
[18:25:12] [Server thread/WARN]: Mismatch in destroy block pos: fx{x=-709, y=72, z=3080} fx{x=-710, y=72, z=3081}
[18:25:59] [Server thread/INFO]: RanDn98 lost connection: Disconnected
[18:25:59] [Server thread/INFO]: RanDn98 left the game
[18:33:09] [Server thread/INFO]: SnakeByt333 lost connection: Disconnected
[18:33:09] [Server thread/INFO]: SnakeByt333 left the game
