[14:07:24] [main/WARN]: Ambiguity between arguments [teleport, destination] and [teleport, targets] with inputs: [Player, 0123, @e, dd12be42-52a9-4a91-a8a1-11c01849e498]
[14:07:24] [main/WARN]: Ambiguity between arguments [teleport, location] and [teleport, destination] with inputs: [0.1 -0.5 .9, 0 0 0]
[14:07:24] [main/WARN]: Ambiguity between arguments [teleport, location] and [teleport, targets] with inputs: [0.1 -0.5 .9, 0 0 0]
[14:07:24] [main/WARN]: Ambiguity between arguments [teleport, targets] and [teleport, destination] with inputs: [Player, 0123, dd12be42-52a9-4a91-a8a1-11c01849e498]
[14:07:24] [main/WARN]: Ambiguity between arguments [teleport, targets, location] and [teleport, targets, destination] with inputs: [0.1 -0.5 .9, 0 0 0]
[14:07:24] [Server thread/INFO]: Starting minecraft server version 1.15.2
[14:07:24] [Server thread/INFO]: Loading properties
[14:07:24] [Server thread/INFO]: Default game type: SURVIVAL
[14:07:24] [Server thread/INFO]: Generating keypair
[14:07:24] [Server thread/INFO]: Starting Minecraft server on *:25565
[14:07:24] [Server thread/INFO]: Using epoll channel type
[14:07:24] [Server thread/INFO]: Preparing level "world"
[14:07:25] [Server thread/INFO]: Reloading ResourceManager: Default
[14:07:25] [Server thread/INFO]: Loaded 6 recipes
[14:07:26] [Server thread/INFO]: Loaded 825 advancements
[14:07:27] [Server thread/INFO]: Preparing start region for dimension minecraft:overworld
[14:07:28] [Server thread/INFO]: Preparing spawn area: 0%
[14:07:28] [Server thread/INFO]: Preparing spawn area: 0%
[14:07:28] [Server thread/INFO]: Preparing spawn area: 0%
[14:07:35] [Server-Worker-2/INFO]: Preparing spawn area: 0%
[14:07:35] [Server-Worker-2/INFO]: Preparing spawn area: 0%
[14:07:35] [Server-Worker-2/INFO]: Preparing spawn area: 0%
[14:07:35] [Server-Worker-1/INFO]: Preparing spawn area: 0%
[14:07:35] [Server-Worker-1/INFO]: Preparing spawn area: 0%
[14:07:35] [Server-Worker-1/INFO]: Preparing spawn area: 0%
[14:07:35] [Server-Worker-1/INFO]: Preparing spawn area: 0%
[14:07:35] [Server-Worker-1/INFO]: Preparing spawn area: 0%
[14:07:35] [Server-Worker-1/INFO]: Preparing spawn area: 0%
[14:07:35] [Server-Worker-3/INFO]: Preparing spawn area: 0%
[14:07:36] [Server-Worker-3/INFO]: Preparing spawn area: 0%
[14:07:36] [Server-Worker-3/INFO]: Preparing spawn area: 0%
[14:07:36] [Server-Worker-2/INFO]: Preparing spawn area: 0%
[14:07:36] [Server-Worker-3/INFO]: Preparing spawn area: 0%
[14:07:36] [Server-Worker-2/INFO]: Preparing spawn area: 0%
[14:07:36] [Server thread/INFO]: Preparing spawn area: 44%
[14:07:36] [Server thread/INFO]: Time elapsed: 9141 ms
[14:07:36] [Server thread/INFO]: Done (11.462s)! For help, type "help"
